deve/proguard/seeds.txt
com.zhuoyi.market.AppDetailActivity
com.zhuoyi.market.AppDetailActivity: AppDetailActivity()
com.zhuoyi.market.AppDetailActivity: void onClick(android.view.View)
com.zhuoyi.market.AppDetailInfoActivity
com.zhuoyi.market.AppDetailInfoActivity: AppDetailInfoActivity()
com.zhuoyi.market.AppDetailInfoActivity: void onClick(android.view.View)
com.zhuoyi.market.BaseActivity
com.zhuoyi.market.BaseActivity: BaseActivity()
com.zhuoyi.market.CategoryActivity
com.zhuoyi.market.CategoryActivity: CategoryActivity()
com.zhuoyi.market.CategoryActivity: void onClick(android.view.View)
com.zhuoyi.market.CustomGallery.CoverFlow
com.zhuoyi.market.CustomGallery.CoverFlow: CoverFlow(android.content.Context,android.util.AttributeSet)
com.zhuoyi.market.CustomGallery.CoverFlow: CoverFlow(android.content.Context,android.util.AttributeSet,int)
com.zhuoyi.market.DownloadActivity
com.zhuoyi.market.DownloadActivity: DownloadActivity()
com.zhuoyi.market.EasyCheckActivity
com.zhuoyi.market.EasyCheckActivity: EasyCheckActivity()
com.zhuoyi.market.EasyCheckActivity: void onClick(android.view.View)
com.zhuoyi.market.FavoriteActivity
com.zhuoyi.market.FavoriteActivity: FavoriteActivity()
com.zhuoyi.market.LuckyActivity
com.zhuoyi.market.LuckyActivity: LuckyActivity()
com.zhuoyi.market.ManageActivity
com.zhuoyi.market.ManageActivity: ManageActivity()
com.zhuoyi.market.MarketGuideActivity
com.zhuoyi.market.MarketGuideActivity: MarketGuideActivity()
com.zhuoyi.market.MarketHomeActivity
com.zhuoyi.market.MarketHomeActivity: MarketHomeActivity()
com.zhuoyi.market.MarketHomeActivity: void onClick(android.view.View)
com.zhuoyi.market.MarketSearchActivity
com.zhuoyi.market.MarketSearchActivity: MarketSearchActivity()
com.zhuoyi.market.MarketSearchActivity: void onClick(android.view.View)
com.zhuoyi.market.MarketTopActivity
com.zhuoyi.market.MarketTopActivity: MarketTopActivity()
com.zhuoyi.market.MarketTopActivity: void onClick(android.view.View)
com.zhuoyi.market.MyDialogActivity
com.zhuoyi.market.MyDialogActivity: MyDialogActivity()
com.zhuoyi.market.MyDialogActivity: void onClick(android.view.View)
com.zhuoyi.market.MyLuckyDialogActivity
com.zhuoyi.market.MyLuckyDialogActivity: MyLuckyDialogActivity()
com.zhuoyi.market.MyRecommendActivity
com.zhuoyi.market.MyRecommendActivity: MyRecommendActivity()
com.zhuoyi.market.MyRecommendActivity1
com.zhuoyi.market.MyRecommendActivity1: MyRecommendActivity1()
com.zhuoyi.market.ShareActivity
com.zhuoyi.market.ShareActivity: ShareActivity()
com.zhuoyi.market.Splash
com.zhuoyi.market.Splash: Splash()
com.zhuoyi.market.SubjectActivity
com.zhuoyi.market.SubjectActivity: SubjectActivity()
com.zhuoyi.market.SubjectActivity1
com.zhuoyi.market.SubjectActivity1: SubjectActivity1()
com.zhuoyi.market.TopicHeadActivity
com.zhuoyi.market.TopicHeadActivity: TopicHeadActivity()
com.zhuoyi.market.TopicHeadActivity: void onClick(android.view.View)
com.zhuoyi.market.TopicInfoActivity
com.zhuoyi.market.TopicInfoActivity: TopicInfoActivity()
com.zhuoyi.market.UpdateActivity
com.zhuoyi.market.UpdateActivity: UpdateActivity()
com.zhuoyi.market.UpdateDialogActivity
com.zhuoyi.market.UpdateDialogActivity: UpdateDialogActivity()
com.zhuoyi.market.UpdateDialogActivity: void onClick(android.view.View)
com.zhuoyi.market.YouLikeActivity
com.zhuoyi.market.YouLikeActivity: YouLikeActivity()
com.zhuoyi.market.YouLikeActivity: void onClick(android.view.View)
com.zhuoyi.market.custom.AlwaysMarqueeTextView
com.zhuoyi.market.custom.AlwaysMarqueeTextView: AlwaysMarqueeTextView(android.content.Context,android.util.AttributeSet)
com.zhuoyi.market.custom.AlwaysMarqueeTextView: AlwaysMarqueeTextView(android.content.Context,android.util.AttributeSet,int)
...
android.support.v4.view.VelocityTrackerCompat
android.support.v4.view.VelocityTrackerCompat: android.support.v4.view.VelocityTrackerCompat$VelocityTrackerVersionImpl IMPL
android.support.v4.view.VelocityTrackerCompat: VelocityTrackerCompat()
android.support.v4.view.VelocityTrackerCompat: float getXVelocity(android.view.VelocityTracker,int)
android.support.v4.view.VelocityTrackerCompat: float getYVelocity(android.view.VelocityTracker,int)
android.support.v4.view.VelocityTrackerCompat: void <clinit>()
android.support.v4.view.VelocityTrackerCompat$BaseVelocityTrackerVersionImpl
android.support.v4.view.VelocityTrackerCompat$BaseVelocityTrackerVersionImpl: VelocityTrackerCompat$BaseVelocityTrackerVersionImpl()
android.support.v4.view.VelocityTrackerCompat$BaseVelocityTrackerVersionImpl: float getXVelocity(android.view.VelocityTracker,int)
android.support.v4.view.VelocityTrackerCompat$BaseVelocityTrackerVersionImpl: float getYVelocity(android.view.VelocityTracker,int)
android.support.v4.view.VelocityTrackerCompat$HoneycombVelocityTrackerVersionImpl
android.support.v4.view.VelocityTrackerCompat$HoneycombVelocityTrackerVersionImpl: VelocityTrackerCompat$HoneycombVelocityTrackerVersionImpl()
android.support.v4.view.VelocityTrackerCompat$HoneycombVelocityTrackerVersionImpl: float getXVelocity(android.view.VelocityTracker,int)
android.support.v4.view.VelocityTrackerCompat$HoneycombVelocityTrackerVersionImpl: float getYVelocity(android.view.VelocityTracker,int)
android.support.v4.view.VelocityTrackerCompat$VelocityTrackerVersionImpl
android.support.v4.view.VelocityTrackerCompat$VelocityTrackerVersionImpl: float getXVelocity(android.view.VelocityTracker,int)
android.support.v4.view.VelocityTrackerCompat$VelocityTrackerVersionImpl: float getYVelocity(android.view.VelocityTracker,int)
android.support.v4.view.VelocityTrackerCompatHoneycomb
android.support.v4.view.VelocityTrackerCompatHoneycomb: VelocityTrackerCompatHoneycomb()
android.support.v4.view.VelocityTrackerCompatHoneycomb: float getXVelocity(android.view.VelocityTracker,int)
android.support.v4.view.VelocityTrackerCompatHoneycomb: float getYVelocity(android.view.VelocityTracker,int)
android.support.v4.view.ViewCompat
android.support.v4.view.ViewCompat: int OVER_SCROLL_ALWAYS
android.support.v4.view.ViewCompat: int OVER_SCROLL_IF_CONTENT_SCROLLS
android.support.v4.view.ViewCompat: int OVER_SCROLL_NEVER
android.support.v4.view.ViewCompat: long FAKE_FRAME_TIME
android.support.v4.view.ViewCompat: int IMPORTANT_FOR_ACCESSIBILITY_AUTO
android.support.v4.view.ViewCompat: int IMPORTANT_FOR_ACCESSIBILITY_YES
android.support.v4.view.ViewCompat: int IMPORTANT_FOR_ACCESSIBILITY_NO
android.support.v4.view.ViewCompat: android.support.v4.view.ViewCompat$ViewCompatImpl IMPL
android.support.v4.view.ViewCompat: ViewCompat()
android.support.v4.view.ViewCompat: boolean canScrollHorizontally(android.view.View,int)
android.support.v4.view.ViewCompat: boolean canScrollVertically(android.view.View,int)
android.support.v4.view.ViewCompat: int getOverScrollMode(android.view.View)
android.support.v4.view.ViewCompat: void setOverScrollMode(android.view.View,int)
android.support.v4.view.ViewCompat: void onPopulateAccessibilityEvent(android.view.View,android.view.accessibility.AccessibilityEvent)
android.support.v4.view.ViewCompat: void onInitializeAccessibilityEvent(android.view.View,android.view.accessibility.AccessibilityEvent)
android.support.v4.view.ViewCompat: void onInitializeAccessibilityNodeInfo(android.view.View,android.support.v4.view.accessibility.AccessibilityNodeInfoCompat)