deve/proguard/mapping.txt
com.zhuoyi.market.AppDetailActivity -> com.zhuoyi.market.AppDetailActivity:
    android.content.Context mContext -> c
    java.lang.String mPid -> d
    com.zhuoyi.market.download.FavoriteDao mFavoriteDao -> e
    java.util.List particular_info_list -> f
    android.widget.TextView mParticular_title -> g
    android.widget.ImageView mParticular_back -> h
    android.widget.TextView mParticular_info_name -> i
    android.widget.TextView mParticular_info_version -> j
    android.widget.TextView mParticular_info_size -> k
    android.widget.RatingBar mParticular_info_ratingbar -> l
    android.widget.TextView mParticular_info_author -> m
    android.widget.TextView mParticular_info_system -> n
    android.widget.TextView mParticular_info_introduce -> o
    android.widget.ImageView mParticular_info_appicon -> p
    com.zhuoyi.market.AppDetailActivity$DownOneImage mDownOneImage -> q
    java.util.HashMap mBitmapHashMap -> r
    java.util.HashMap mImageNameHashMap -> s
    android.widget.LinearLayout mDetailImagesLayout -> t
    android.widget.ImageView[] mImageViews -> u
    com.zhuoyi.market.AppDetailActivity$DownDetailImages mDownDetailImages -> v
    java.lang.String mAppName -> w
    java.lang.String mLocalFilePath -> x
    java.lang.String mPackageName -> y
    java.lang.String mVersionCode -> z
    android.widget.Button mDownloadToolBarButton -> A
    android.widget.Button mFavoriteButton -> B
    android.widget.Button mShareButton -> C
com.zhuoyi.market.AppDetailActivity$1 -> com.zhuoyi.market.AppDetailActivity$1:
    com.zhuoyi.market.AppDetailActivity this$0 -> a
    160:243:void handleMessage(android.os.Message) -> handleMessage
com.zhuoyi.market.AppDetailActivity$DownDetailImages -> com.zhuoyi.market.AppDetailActivity$a:
    com.zhuoyi.market.AppDetailActivity this$0 -> a
    820:850:java.lang.Integer doInBackground(java.lang.Object[]) -> a
    1:1:void onPostExecute(java.lang.Object) -> onPostExecute
    1:1:java.lang.Object doInBackground(java.lang.Object[]) -> doInBackground
com.zhuoyi.market.AppDetailActivity$DownOneImage -> com.zhuoyi.market.AppDetailActivity$b:
    com.zhuoyi.market.AppDetailActivity this$0 -> a
    779:806:android.graphics.Bitmap doInBackground(java.lang.Object[]) -> a
    1:1:void onPostExecute(java.lang.Object) -> onPostExecute
    1:1:java.lang.Object doInBackground(java.lang.Object[]) -> doInBackground
com.zhuoyi.market.AppDetailActivity$GetParticularInfo -> com.zhuoyi.market.AppDetailActivity$c:
    com.zhuoyi.market.mypost.SplitListData mSplitListData -> b
    com.zhuoyi.market.mypost.OpenUrlGetStyle mOpenUrlGetStyle -> c
    com.zhuoyi.market.AppDetailActivity this$0 -> a
    1:1:void onPostExecute(java.lang.Object) -> onPostExecute
    1:1:java.lang.Object doInBackground(java.lang.Object[]) -> doInBackground
...
android.support.v4.view.MotionEventCompat$EclairMotionEventVersionImpl -> android.support.v4.view.MotionEventCompat$EclairMotionEventVersionImpl:
    78:78:int findPointerIndex(android.view.MotionEvent,int) -> findPointerIndex
    82:82:int getPointerId(android.view.MotionEvent,int) -> getPointerId
    86:86:float getX(android.view.MotionEvent,int) -> getX
    90:90:float getY(android.view.MotionEvent,int) -> getY
android.support.v4.view.MotionEventCompat$MotionEventVersionImpl -> android.support.v4.view.MotionEventCompat$MotionEventVersionImpl:
    int findPointerIndex(android.view.MotionEvent,int) -> findPointerIndex
    int getPointerId(android.view.MotionEvent,int) -> getPointerId
    float getX(android.view.MotionEvent,int) -> getX
    float getY(android.view.MotionEvent,int) -> getY
android.support.v4.view.MotionEventCompatEclair -> android.support.v4.view.MotionEventCompatEclair:
    26:26:int findPointerIndex(android.view.MotionEvent,int) -> findPointerIndex
    29:29:int getPointerId(android.view.MotionEvent,int) -> getPointerId
    32:32:float getX(android.view.MotionEvent,int) -> getX
    35:35:float getY(android.view.MotionEvent,int) -> getY
android.support.v4.view.PagerAdapter -> android.support.v4.view.PagerAdapter:
    android.database.DataSetObservable mObservable -> mObservable
    int POSITION_UNCHANGED -> POSITION_UNCHANGED
    int POSITION_NONE -> POSITION_NONE
    int getCount() -> getCount
    95:96:void startUpdate(android.view.ViewGroup) -> startUpdate
    110:110:java.lang.Object instantiateItem(android.view.ViewGroup,int) -> instantiateItem
    124:125:void destroyItem(android.view.ViewGroup,int,java.lang.Object) -> destroyItem
    137:138:void setPrimaryItem(android.view.ViewGroup,int,java.lang.Object) -> setPrimaryItem
    148:149:void finishUpdate(android.view.ViewGroup) -> finishUpdate
    159:159:void startUpdate(android.view.View) -> startUpdate
    175:175:java.lang.Object instantiateItem(android.view.View,int) -> instantiateItem
    192:192:void destroyItem(android.view.View,int,java.lang.Object) -> destroyItem
    207:207:void setPrimaryItem(android.view.View,int,java.lang.Object) -> setPrimaryItem
    219:219:void finishUpdate(android.view.View) -> finishUpdate
    boolean isViewFromObject(android.view.View,java.lang.Object) -> isViewFromObject
    239:239:android.os.Parcelable saveState() -> saveState
    250:250:void restoreState(android.os.Parcelable,java.lang.ClassLoader) -> restoreState
    268:268:int getItemPosition(java.lang.Object) -> getItemPosition
    276:277:void notifyDataSetChanged() -> notifyDataSetChanged