deve/proguard/usage.txt
com.zhuoyi.market.AppDetailActivity:
    private android.graphics.drawable.AnimationDrawable mAnimationDrawable
    public static final int CLOSED_TIP_BAR
    public static final int START_TIP_BAR
    public static final int UPDATE_BUTTON
    public static final int UPDATE_DOWNLOAD_INFO
    public static final int DELETE_DOWNLOAD_APK
com.zhuoyi.market.AppDetailInfoActivity:
    private static final int SHORT_LINE_COUNT
    109:109:static synthetic void access$0(com.zhuoyi.market.AppDetailInfoActivity,android.graphics.Bitmap)
com.zhuoyi.market.AppDetailInfoActivity$DownOneImage
com.zhuoyi.market.BaseActivity:
    86:91:private void showExitTypeCustomDialog()
    94:112:private void showExitTypeDialog()
com.zhuoyi.market.BaseActivity$2
com.zhuoyi.market.BaseActivity$3
com.zhuoyi.market.BuildConfig
com.zhuoyi.market.CustomGallery.BitmapUtiles:
    27:27:public BitmapUtiles()
    37:85:public static android.graphics.Bitmap createReflectedImage(android.graphics.Bitmap)
    109:128:public static android.graphics.Bitmap getRoundedCornerBitmap(android.graphics.Bitmap,float)
    132:150:public static android.graphics.Bitmap convertFileToBitmap2(java.lang.String)
com.zhuoyi.market.CustomGallery.CoverFlow:
    31:33:public CoverFlow(android.content.Context)
    49:49:public int getMaxRotationAngle()
    54:55:public void setMaxRotationAngle(int)
    59:59:public boolean getCircleMode()
    64:65:public void setCircleMode(boolean)
    69:69:public boolean getAlphaMode()
    74:75:public void setAlphaMode(boolean)
    79:79:public int getMaxZoom()
    84:85:public void setMaxZoom(int)
com.zhuoyi.market.CustomGallery.LauncherItem
com.zhuoyi.market.DownloadActivity:
    public static final int MSG_DELETE_LIST_ITMES
    public static final int MSG_DELETE_COMPLETE_ITMES
    public static final int MSG_COMPLETE_DOWNLOAD
    public static final int MSG_ADD_DOWNLOAD_QUEUE
    public static final int MSG_START_DOWNLOAD
    public static final int MSG_PAUSE_DOWNLOAD
    305:325:private void refreshDownloadInfoDb(java.util.ArrayList)
com.zhuoyi.market.EasyCheckActivity:
    public static final int START_CHECK
    public static final int UPDATE_APK
    public static final int UPDATE_APK_ERROR
    public static final int UPDATE_APK_DONE
    public static final int UPDATE_LIST_VIEW
com.zhuoyi.market.FavoriteActivity:
    public static final int REMOVE_FAVORITE
com.zhuoyi.market.GetListDataAsyncTask
com.zhuoyi.market.GetYouLikeDataAsyncTask
com.zhuoyi.market.ImageAdapter
com.zhuoyi.market.LuckyInputDialog
com.zhuoyi.market.LuckyInputDialog$1
com.zhuoyi.market.LuckyInputDialog$2
com.zhuoyi.market.MarketDialog:
    27:34:public MarketDialog(android.content.Context,android.os.Handler,int,java.lang.String,java.lang.String)
com.zhuoyi.market.MarketHomeActivity:
    public static final java.lang.String START_HOME_ACTION
    public static final java.lang.String GET_SERVER_FAILS
com.zhuoyi.market.MyDialogActivity:
    195:210:public void deleteMyPathCacheFile(java.io.File)
com.zhuoyi.market.MyLuckyDialogActivity:
    private android.widget.ImageView mCloseView
com.zhuoyi.market.R
com.zhuoyi.market.R$anim
com.zhuoyi.market.R$array
com.zhuoyi.market.R$attr
com.zhuoyi.market.R$color
com.zhuoyi.market.R$dimen
com.zhuoyi.market.R$drawable
com.zhuoyi.market.R$id
com.zhuoyi.market.R$interpolator
com.zhuoyi.market.R$layout
com.zhuoyi.market.R$menu
com.zhuoyi.market.R$raw
com.zhuoyi.market.R$string
com.zhuoyi.market.R$style
com.zhuoyi.market.R$styleable
com.zhuoyi.market.R$xml
...
com.tencent.mm.sdk.platformtools.ObserverPool$2
com.tencent.mm.sdk.platformtools.ObserverPool$Event
com.tencent.mm.sdk.platformtools.ObserverPool$Listener
com.tencent.mm.sdk.platformtools.PhoneStatusWatcher
com.tencent.mm.sdk.platformtools.PhoneStatusWatcher$1
com.tencent.mm.sdk.platformtools.PhoneStatusWatcher$PhoneCallListener
com.tencent.mm.sdk.platformtools.PhoneUtil:
    public static final java.lang.String CELL_GSM
    public static final java.lang.String CELL_CDMA
    private PhoneUtil()
    public static void getSignalStrength(android.content.Context)
com.tencent.mm.sdk.platformtools.PhoneUtil$CellInfo:
    public static final int MAX_CID
    public static final int MAX_LAC
com.tencent.mm.sdk.platformtools.PhoneUtil16Impl:
    public void getSignalStrength(android.content.Context)
com.tencent.mm.sdk.platformtools.PhoneUtil20Impl:
    public void getSignalStrength(android.content.Context)
com.tencent.mm.sdk.platformtools.QueueWorkerThread
com.tencent.mm.sdk.platformtools.QueueWorkerThread$1
com.tencent.mm.sdk.platformtools.QueueWorkerThread$ThreadObject
com.tencent.mm.sdk.platformtools.QueueWorkerThread$WorkerThread
com.tencent.mm.sdk.platformtools.SemiXml
com.tencent.mm.sdk.platformtools.SensorController:
    private android.hardware.SensorManager aY
    private android.hardware.Sensor bc
    private final boolean bd
    private boolean bf
    public SensorController(android.content.Context)
    public void setSensorCallBack(com.tencent.mm.sdk.platformtools.SensorController$SensorEventCallBack)
    public void removeSensorCallBack()
    public boolean isSensorEnable()
com.tencent.mm.sdk.platformtools.SmoothScrollToPosition21below
com.tencent.mm.sdk.platformtools.SmoothScrollToPosition22
com.tencent.mm.sdk.platformtools.SpecilApiUtil
com.tencent.mm.sdk.platformtools.SyncTask
com.tencent.mm.sdk.platformtools.SyncTask$1
com.tencent.mm.sdk.platformtools.SystemProperty
com.tencent.mm.sdk.platformtools.TimeLogger
com.tencent.mm.sdk.platformtools.TrafficStats
com.tencent.mm.sdk.platformtools.Util:
    public static final int MAX_DECODE_PICTURE_SIZE
    public static final java.lang.String PHOTO_DEFAULT_EXT
    public static final long MILLSECONDS_OF_SECOND
    public static final long MILLSECONDS_OF_MINUTE
    public static final long MILLSECONDS_OF_HOUR
    public static final long MILLSECONDS_OF_DAY
    public static final long SECOND_OF_MINUTE
    public static final long MINUTE_OF_HOUR
    public static final long MAX_32BIT_VALUE
    public static final int MIN_ACCOUNT_LENGTH
    public static final int MAX_ACCOUNT_LENGTH
    public static final int MIN_PASSWORD_LENGTH
    public static final int MAX_PASSWORD_LENGTH
    public static final int BIT_OF_KB
    public static final int BIT_OF_MB
    public static final int BYTE_OF_KB
    public static final int BYTE_OF_MB
    public static final int MASK_4BIT
    public static final int MASK_8BIT
    public static final int MASK_16BIT
    public static final int MASK_32BIT
    public static final int BEGIN_TIME
    public static final int END_TIME
    public static final int DAY
    public static final java.lang.String TAIWAN
    public static final java.lang.String HONGKONG
    public static final java.lang.String CHINA
    public static final java.lang.String ENGLISH
    public static final java.lang.String LANGUAGE_DEFAULT
    private Util()
    public static java.lang.String escapeSqlValue(java.lang.String)
com.tencent.mm.sdk.platformtools.Util$1
com.tencent.mm.sdk.platformtools.Util$2
com.tencent.mm.sdk.platformtools.package-info
com.tencent.mm.sdk.plugin.BaseProfile
com.tencent.mm.sdk.plugin.IMMPluginAPI
com.tencent.mm.sdk.plugin.MMPluginAPIImpl
com.tencent.mm.sdk.plugin.MMPluginMsg
com.tencent.mm.sdk.plugin.MMPluginMsg$ReceiverHelper